[0m14:05:00.804856 [debug] [MainThread]: Sending event: {'category': 'dbt', 'action': 'invocation', 'label': 'start', 'context': [<snowplow_tracker.self_describing_json.SelfDescribingJson object at 0x109addcd0>, <snowplow_tracker.self_describing_json.SelfDescribingJson object at 0x10a3fb2f0>, <snowplow_tracker.self_describing_json.SelfDescribingJson object at 0x10a8076e0>]}


============================== 14:05:00.807352 | 4541dd31-d42c-49d5-aa38-b04c918c7fd2 ==============================
[0m14:05:00.807352 [info ] [MainThread]: Running with dbt=1.8.0
[0m14:05:00.807753 [debug] [MainThread]: running dbt with arguments {'printer_width': '80', 'indirect_selection': 'eager', 'write_json': 'True', 'log_cache_events': 'False', 'partial_parse': 'True', 'cache_selected_only': 'False', 'profiles_dir': '/Users/JELB/.dbt', 'fail_fast': 'False', 'version_check': 'True', 'log_path': '/Users/JELB/Documents/GitHub/Airbnb-DBT/logs', 'warn_error': 'None', 'debug': 'False', 'use_colors': 'True', 'use_experimental_parser': 'False', 'no_print': 'None', 'quiet': 'False', 'warn_error_options': 'WarnErrorOptions(include=[], exclude=[])', 'introspect': 'True', 'static_parser': 'True', 'invocation_command': 'dbt deps', 'target_path': 'None', 'log_format': 'default', 'send_anonymous_usage_stats': 'True'}
[0m14:05:00.879598 [debug] [MainThread]: Sending event: {'category': 'dbt', 'action': 'project_id', 'label': '4541dd31-d42c-49d5-aa38-b04c918c7fd2', 'context': [<snowplow_tracker.self_describing_json.SelfDescribingJson object at 0x109a7f770>]}
[0m14:05:00.891557 [debug] [MainThread]: Set downloads directory='/var/folders/dw/l0t88yqj0251nsq1251sjs700000gn/T/dbt-downloads-ix8d0jse'
[0m14:05:00.891818 [debug] [MainThread]: Making package index registry request: GET https://hub.getdbt.com/api/v1/index.json
[0m14:05:01.005657 [debug] [MainThread]: Response from registry index: GET https://hub.getdbt.com/api/v1/index.json 200
[0m14:05:01.006340 [debug] [MainThread]: Making package registry request: GET https://hub.getdbt.com/api/v1/dbt-labs/dbt_utils.json
[0m14:05:01.039862 [debug] [MainThread]: Response from registry: GET https://hub.getdbt.com/api/v1/dbt-labs/dbt_utils.json 200
[0m14:05:01.043360 [debug] [MainThread]: Making package registry request: GET https://hub.getdbt.com/api/v1/calogica/dbt_expectations.json
[0m14:05:01.174410 [debug] [MainThread]: Response from registry: GET https://hub.getdbt.com/api/v1/calogica/dbt_expectations.json 200
[0m14:05:01.177338 [debug] [MainThread]: Making package registry request: GET https://hub.getdbt.com/api/v1/calogica/dbt_date.json
[0m14:05:01.207431 [debug] [MainThread]: Response from registry: GET https://hub.getdbt.com/api/v1/calogica/dbt_date.json 200
[0m14:05:01.209162 [info ] [MainThread]: Installing dbt-labs/dbt_utils
[0m14:05:01.642187 [info ] [MainThread]: Installed from version 1.3.0
[0m14:05:01.642484 [info ] [MainThread]: Up to date!
[0m14:05:01.642701 [debug] [MainThread]: Sending event: {'category': 'dbt', 'action': 'package', 'label': '4541dd31-d42c-49d5-aa38-b04c918c7fd2', 'property_': 'install', 'context': [<snowplow_tracker.self_describing_json.SelfDescribingJson object at 0x10a9df410>, <snowplow_tracker.self_describing_json.SelfDescribingJson object at 0x10a98cbc0>]}
[0m14:05:01.642948 [info ] [MainThread]: Installing calogica/dbt_expectations
[0m14:05:05.569437 [info ] [MainThread]: Installed from version 0.10.4
[0m14:05:05.569873 [info ] [MainThread]: Up to date!
[0m14:05:05.570174 [debug] [MainThread]: Sending event: {'category': 'dbt', 'action': 'package', 'label': '4541dd31-d42c-49d5-aa38-b04c918c7fd2', 'property_': 'install', 'context': [<snowplow_tracker.self_describing_json.SelfDescribingJson object at 0x10a9fea80>, <snowplow_tracker.self_describing_json.SelfDescribingJson object at 0x10a9feba0>]}
[0m14:05:05.570436 [info ] [MainThread]: Installing calogica/dbt_date
[0m14:05:05.923649 [info ] [MainThread]: Installed from version 0.10.1
[0m14:05:05.924048 [info ] [MainThread]: Up to date!
[0m14:05:05.924568 [debug] [MainThread]: Sending event: {'category': 'dbt', 'action': 'package', 'label': '4541dd31-d42c-49d5-aa38-b04c918c7fd2', 'property_': 'install', 'context': [<snowplow_tracker.self_describing_json.SelfDescribingJson object at 0x10a9c6c30>, <snowplow_tracker.self_describing_json.SelfDescribingJson object at 0x10a9c6d80>]}
[0m14:05:05.927364 [debug] [MainThread]: Resource report: {"command_name": "deps", "command_success": true, "command_wall_clock_time": 5.1516733, "process_user_time": 0.799054, "process_kernel_time": 0.2169, "process_mem_max_rss": "107593728", "process_in_blocks": "0", "process_out_blocks": "0"}
[0m14:05:05.927906 [debug] [MainThread]: Command `dbt deps` succeeded at 14:05:05.927826 after 5.15 seconds
[0m14:05:05.928234 [debug] [MainThread]: Sending event: {'category': 'dbt', 'action': 'invocation', 'label': 'end', 'context': [<snowplow_tracker.self_describing_json.SelfDescribingJson object at 0x104d72bd0>, <snowplow_tracker.self_describing_json.SelfDescribingJson object at 0x108bfd6d0>, <snowplow_tracker.self_describing_json.SelfDescribingJson object at 0x10a7e19a0>]}
[0m14:05:05.928567 [debug] [MainThread]: Flushing usage events
[0m14:06:29.797841 [debug] [MainThread]: Sending event: {'category': 'dbt', 'action': 'invocation', 'label': 'start', 'context': [<snowplow_tracker.self_describing_json.SelfDescribingJson object at 0x11255eea0>, <snowplow_tracker.self_describing_json.SelfDescribingJson object at 0x110c13a10>, <snowplow_tracker.self_describing_json.SelfDescribingJson object at 0x110c10710>]}


============================== 14:06:29.800551 | 99c34f22-80bd-4704-87d6-3ba9cd0ffe5d ==============================
[0m14:06:29.800551 [info ] [MainThread]: Running with dbt=1.8.0
[0m14:06:29.800898 [debug] [MainThread]: running dbt with arguments {'printer_width': '80', 'indirect_selection': 'eager', 'log_cache_events': 'False', 'write_json': 'True', 'partial_parse': 'True', 'cache_selected_only': 'False', 'warn_error': 'None', 'fail_fast': 'False', 'profiles_dir': '/Users/JELB/.dbt', 'log_path': '/Users/JELB/Documents/GitHub/Airbnb-DBT/logs', 'debug': 'False', 'version_check': 'True', 'use_colors': 'True', 'use_experimental_parser': 'False', 'no_print': 'None', 'quiet': 'False', 'log_format': 'default', 'static_parser': 'True', 'warn_error_options': 'WarnErrorOptions(include=[], exclude=[])', 'introspect': 'True', 'target_path': 'None', 'invocation_command': 'dbt run-operation no_nulls_in_columns --args {"model": "dim_listings_cleansed"}', 'send_anonymous_usage_stats': 'True'}
[0m14:06:30.013875 [debug] [MainThread]: Sending event: {'category': 'dbt', 'action': 'project_id', 'label': '99c34f22-80bd-4704-87d6-3ba9cd0ffe5d', 'context': [<snowplow_tracker.self_describing_json.SelfDescribingJson object at 0x1136199d0>]}
[0m14:06:30.037652 [debug] [MainThread]: Sending event: {'category': 'dbt', 'action': 'adapter_info', 'label': '99c34f22-80bd-4704-87d6-3ba9cd0ffe5d', 'context': [<snowplow_tracker.self_describing_json.SelfDescribingJson object at 0x1129e1790>]}
[0m14:06:30.038999 [info ] [MainThread]: Registered adapter: snowflake=1.8.4
[0m14:06:30.057594 [debug] [MainThread]: checksum: dbb12d416fdb55e3665e4828703bbedf40c5c90ed7ca6ff39bbbfb29b12b0a92, vars: {}, profile: , target: , version: 1.8.0
[0m14:06:30.058295 [info ] [MainThread]: Unable to do partial parsing because saved manifest not found. Starting full parse.
[0m14:06:30.058509 [debug] [MainThread]: Sending event: {'category': 'dbt', 'action': 'partial_parser', 'label': '99c34f22-80bd-4704-87d6-3ba9cd0ffe5d', 'context': [<snowplow_tracker.self_describing_json.SelfDescribingJson object at 0x113814830>]}
[0m14:06:31.304324 [debug] [MainThread]: Sending event: {'category': 'dbt', 'action': 'load_project', 'label': '99c34f22-80bd-4704-87d6-3ba9cd0ffe5d', 'context': [<snowplow_tracker.self_describing_json.SelfDescribingJson object at 0x113fe5370>]}
[0m14:06:31.376149 [debug] [MainThread]: Sending event: {'category': 'dbt', 'action': 'resource_counts', 'label': '99c34f22-80bd-4704-87d6-3ba9cd0ffe5d', 'context': [<snowplow_tracker.self_describing_json.SelfDescribingJson object at 0x113e02780>]}
[0m14:06:31.376444 [info ] [MainThread]: Found 8 models, 2 snapshots, 1 analysis, 17 data tests, 1 seed, 3 sources, 845 macros
[0m14:06:31.376632 [debug] [MainThread]: Sending event: {'category': 'dbt', 'action': 'runnable_timing', 'label': '99c34f22-80bd-4704-87d6-3ba9cd0ffe5d', 'context': [<snowplow_tracker.self_describing_json.SelfDescribingJson object at 0x113e23bf0>]}
[0m14:06:31.376898 [debug] [MainThread]: Acquiring new snowflake connection 'macro_no_nulls_in_columns'
[0m14:06:31.381849 [debug] [MainThread]: Snowflake adapter: Error running SQL: macro get_columns_in_relation
[0m14:06:31.382034 [debug] [MainThread]: Snowflake adapter: Rolling back transaction.
[0m14:06:31.382173 [debug] [MainThread]: Opening a new connection, currently in state init
[0m14:06:32.595239 [debug] [MainThread]: Snowflake adapter: Error running SQL: macro no_nulls_in_columns
[0m14:06:32.595856 [debug] [MainThread]: Snowflake adapter: Rolling back transaction.
[0m14:06:32.596151 [debug] [MainThread]: On macro_no_nulls_in_columns: Close
[0m14:06:33.047410 [error] [MainThread]: Encountered an error while running operation: Compilation Error
  'str object' has no attribute 'render'
  
  > in macro get_columns_in_relation (macros/adapters/columns.sql)
  > called by macro no_nulls_in_columns (macros/no_nulls_in_columns.sql)
  > called by <Unknown>
[0m14:06:33.057759 [debug] [MainThread]: Traceback (most recent call last):
  File "/Library/Frameworks/Python.framework/Versions/3.12/lib/python3.12/site-packages/dbt_common/clients/jinja.py", line 345, in exception_handler
    yield
  File "/Library/Frameworks/Python.framework/Versions/3.12/lib/python3.12/site-packages/dbt_common/clients/jinja.py", line 322, in call_macro
    return macro(*args, **kwargs)
           ^^^^^^^^^^^^^^^^^^^^^^
  File "/Library/Frameworks/Python.framework/Versions/3.12/lib/python3.12/site-packages/jinja2/runtime.py", line 768, in __call__
    return self._invoke(arguments, autoescape)
           ^^^^^^^^^^^^^^^^^^^^^^^^^^^^^^^^^^^
  File "/Library/Frameworks/Python.framework/Versions/3.12/lib/python3.12/site-packages/jinja2/runtime.py", line 782, in _invoke
    rv = self._func(*arguments)
         ^^^^^^^^^^^^^^^^^^^^^^
  File "<template>", line 32, in macro
  File "/Library/Frameworks/Python.framework/Versions/3.12/lib/python3.12/site-packages/jinja2/sandbox.py", line 392, in call
    if not __self.is_safe_callable(__obj):
           ^^^^^^^^^^^^^^^^^^^^^^^^^^^^^^
  File "/Library/Frameworks/Python.framework/Versions/3.12/lib/python3.12/site-packages/jinja2/sandbox.py", line 276, in is_safe_callable
    getattr(obj, "unsafe_callable", False) or getattr(obj, "alters_data", False)
    ^^^^^^^^^^^^^^^^^^^^^^^^^^^^^^^^^^^^^^
  File "/Library/Frameworks/Python.framework/Versions/3.12/lib/python3.12/site-packages/jinja2/runtime.py", line 864, in __getattr__
    return self._fail_with_undefined_error()
           ^^^^^^^^^^^^^^^^^^^^^^^^^^^^^^^^^
  File "/Library/Frameworks/Python.framework/Versions/3.12/lib/python3.12/site-packages/jinja2/runtime.py", line 857, in _fail_with_undefined_error
    raise self._undefined_exception(self._undefined_message)
jinja2.exceptions.UndefinedError: 'str object' has no attribute 'render'

During handling of the above exception, another exception occurred:

Traceback (most recent call last):
  File "/Library/Frameworks/Python.framework/Versions/3.12/lib/python3.12/site-packages/dbt/task/run_operation.py", line 62, in run
    self._run_unsafe(package_name, macro_name)
  File "/Library/Frameworks/Python.framework/Versions/3.12/lib/python3.12/site-packages/dbt/task/run_operation.py", line 47, in _run_unsafe
    res = adapter.execute_macro(
          ^^^^^^^^^^^^^^^^^^^^^^
  File "/Library/Frameworks/Python.framework/Versions/3.12/lib/python3.12/site-packages/dbt/adapters/base/impl.py", line 1155, in execute_macro
    result = macro_function(**kwargs)
             ^^^^^^^^^^^^^^^^^^^^^^^^
  File "/Library/Frameworks/Python.framework/Versions/3.12/lib/python3.12/site-packages/dbt_common/clients/jinja.py", line 354, in __call__
    return self.call_macro(*args, **kwargs)
           ^^^^^^^^^^^^^^^^^^^^^^^^^^^^^^^^
  File "/Library/Frameworks/Python.framework/Versions/3.12/lib/python3.12/site-packages/dbt_common/clients/jinja.py", line 322, in call_macro
    return macro(*args, **kwargs)
           ^^^^^^^^^^^^^^^^^^^^^^
  File "/Library/Frameworks/Python.framework/Versions/3.12/lib/python3.12/site-packages/jinja2/runtime.py", line 768, in __call__
    return self._invoke(arguments, autoescape)
           ^^^^^^^^^^^^^^^^^^^^^^^^^^^^^^^^^^^
  File "/Library/Frameworks/Python.framework/Versions/3.12/lib/python3.12/site-packages/jinja2/runtime.py", line 782, in _invoke
    rv = self._func(*arguments)
         ^^^^^^^^^^^^^^^^^^^^^^
  File "<template>", line 23, in macro
  File "/Library/Frameworks/Python.framework/Versions/3.12/lib/python3.12/site-packages/jinja2/sandbox.py", line 394, in call
    return __context.call(__obj, *args, **kwargs)
           ^^^^^^^^^^^^^^^^^^^^^^^^^^^^^^^^^^^^^^
  File "/Library/Frameworks/Python.framework/Versions/3.12/lib/python3.12/site-packages/jinja2/runtime.py", line 303, in call
    return __obj(*args, **kwargs)
           ^^^^^^^^^^^^^^^^^^^^^^
  File "/Library/Frameworks/Python.framework/Versions/3.12/lib/python3.12/site-packages/dbt/adapters/snowflake/impl.py", line 125, in get_columns_in_relation
    return super().get_columns_in_relation(relation)
           ^^^^^^^^^^^^^^^^^^^^^^^^^^^^^^^^^^^^^^^^^
  File "/Library/Frameworks/Python.framework/Versions/3.12/lib/python3.12/site-packages/dbt/adapters/sql/impl.py", line 157, in get_columns_in_relation
    return self.execute_macro(
           ^^^^^^^^^^^^^^^^^^^
  File "/Library/Frameworks/Python.framework/Versions/3.12/lib/python3.12/site-packages/dbt/adapters/base/impl.py", line 1155, in execute_macro
    result = macro_function(**kwargs)
             ^^^^^^^^^^^^^^^^^^^^^^^^
  File "/Library/Frameworks/Python.framework/Versions/3.12/lib/python3.12/site-packages/dbt_common/clients/jinja.py", line 354, in __call__
    return self.call_macro(*args, **kwargs)
           ^^^^^^^^^^^^^^^^^^^^^^^^^^^^^^^^
  File "/Library/Frameworks/Python.framework/Versions/3.12/lib/python3.12/site-packages/dbt_common/clients/jinja.py", line 322, in call_macro
    return macro(*args, **kwargs)
           ^^^^^^^^^^^^^^^^^^^^^^
  File "/Library/Frameworks/Python.framework/Versions/3.12/lib/python3.12/site-packages/jinja2/runtime.py", line 768, in __call__
    return self._invoke(arguments, autoescape)
           ^^^^^^^^^^^^^^^^^^^^^^^^^^^^^^^^^^^
  File "/Library/Frameworks/Python.framework/Versions/3.12/lib/python3.12/site-packages/jinja2/runtime.py", line 782, in _invoke
    rv = self._func(*arguments)
         ^^^^^^^^^^^^^^^^^^^^^^
  File "<template>", line 20, in macro
  File "/Library/Frameworks/Python.framework/Versions/3.12/lib/python3.12/site-packages/jinja2/sandbox.py", line 394, in call
    return __context.call(__obj, *args, **kwargs)
           ^^^^^^^^^^^^^^^^^^^^^^^^^^^^^^^^^^^^^^
  File "/Library/Frameworks/Python.framework/Versions/3.12/lib/python3.12/site-packages/jinja2/runtime.py", line 303, in call
    return __obj(*args, **kwargs)
           ^^^^^^^^^^^^^^^^^^^^^^
  File "/Library/Frameworks/Python.framework/Versions/3.12/lib/python3.12/site-packages/dbt/clients/jinja.py", line 84, in __call__
    return self.call_macro(*args, **kwargs)
           ^^^^^^^^^^^^^^^^^^^^^^^^^^^^^^^^
  File "/Library/Frameworks/Python.framework/Versions/3.12/lib/python3.12/site-packages/dbt_common/clients/jinja.py", line 320, in call_macro
    with self.exception_handler():
  File "/Library/Frameworks/Python.framework/Versions/3.12/lib/python3.12/contextlib.py", line 158, in __exit__
    self.gen.throw(value)
  File "/Library/Frameworks/Python.framework/Versions/3.12/lib/python3.12/site-packages/dbt_common/clients/jinja.py", line 347, in exception_handler
    raise CaughtMacroErrorWithNodeError(exc=e, node=self.macro)
dbt_common.exceptions.macros.CaughtMacroErrorWithNodeError: Compilation Error
  'str object' has no attribute 'render'
  
  > in macro get_columns_in_relation (macros/adapters/columns.sql)
  > called by macro no_nulls_in_columns (macros/no_nulls_in_columns.sql)
  > called by <Unknown>

[0m14:06:33.066380 [debug] [MainThread]: Resource report: {"command_name": "run-operation", "command_wall_clock_time": 3.297552, "process_user_time": 2.145509, "process_kernel_time": 0.16163, "process_mem_max_rss": "143638528", "command_success": false, "process_in_blocks": "0", "process_out_blocks": "0"}
[0m14:06:33.067267 [debug] [MainThread]: Command `dbt run-operation` failed at 14:06:33.067162 after 3.30 seconds
[0m14:06:33.067904 [debug] [MainThread]: Connection 'macro_no_nulls_in_columns' was properly closed.
[0m14:06:33.068531 [debug] [MainThread]: Sending event: {'category': 'dbt', 'action': 'invocation', 'label': 'end', 'context': [<snowplow_tracker.self_describing_json.SelfDescribingJson object at 0x1047d2c30>, <snowplow_tracker.self_describing_json.SelfDescribingJson object at 0x113e02870>, <snowplow_tracker.self_describing_json.SelfDescribingJson object at 0x1140ed730>]}
[0m14:06:33.069118 [debug] [MainThread]: Flushing usage events
[0m14:07:03.551226 [debug] [MainThread]: Sending event: {'category': 'dbt', 'action': 'invocation', 'label': 'start', 'context': [<snowplow_tracker.self_describing_json.SelfDescribingJson object at 0x10a4c7050>, <snowplow_tracker.self_describing_json.SelfDescribingJson object at 0x10a5079b0>, <snowplow_tracker.self_describing_json.SelfDescribingJson object at 0x10a5076e0>]}


============================== 14:07:03.553649 | 156982f7-3387-4215-bce7-df63bf8feb85 ==============================
[0m14:07:03.553649 [info ] [MainThread]: Running with dbt=1.8.0
[0m14:07:03.553979 [debug] [MainThread]: running dbt with arguments {'printer_width': '80', 'indirect_selection': 'eager', 'log_cache_events': 'False', 'write_json': 'True', 'partial_parse': 'True', 'cache_selected_only': 'False', 'profiles_dir': '/Users/JELB/.dbt', 'debug': 'False', 'fail_fast': 'False', 'log_path': '/Users/JELB/Documents/GitHub/Airbnb-DBT/logs', 'warn_error': 'None', 'version_check': 'True', 'use_colors': 'True', 'use_experimental_parser': 'False', 'no_print': 'None', 'quiet': 'False', 'log_format': 'default', 'invocation_command': 'dbt run-operation demo_logging', 'warn_error_options': 'WarnErrorOptions(include=[], exclude=[])', 'introspect': 'True', 'target_path': 'None', 'static_parser': 'True', 'send_anonymous_usage_stats': 'True'}
[0m14:07:03.744336 [debug] [MainThread]: Sending event: {'category': 'dbt', 'action': 'project_id', 'label': '156982f7-3387-4215-bce7-df63bf8feb85', 'context': [<snowplow_tracker.self_describing_json.SelfDescribingJson object at 0x10aca1160>]}
[0m14:07:03.769726 [debug] [MainThread]: Sending event: {'category': 'dbt', 'action': 'adapter_info', 'label': '156982f7-3387-4215-bce7-df63bf8feb85', 'context': [<snowplow_tracker.self_describing_json.SelfDescribingJson object at 0x10a8797c0>]}
[0m14:07:03.770239 [info ] [MainThread]: Registered adapter: snowflake=1.8.4
[0m14:07:03.787497 [debug] [MainThread]: checksum: dbb12d416fdb55e3665e4828703bbedf40c5c90ed7ca6ff39bbbfb29b12b0a92, vars: {}, profile: , target: , version: 1.8.0
[0m14:07:03.881475 [debug] [MainThread]: Partial parsing enabled: 0 files deleted, 0 files added, 0 files changed.
[0m14:07:03.881745 [debug] [MainThread]: Partial parsing enabled, no changes found, skipping parsing
[0m14:07:03.917274 [debug] [MainThread]: Sending event: {'category': 'dbt', 'action': 'load_project', 'label': '156982f7-3387-4215-bce7-df63bf8feb85', 'context': [<snowplow_tracker.self_describing_json.SelfDescribingJson object at 0x10b27fb60>]}
[0m14:07:03.992008 [debug] [MainThread]: Sending event: {'category': 'dbt', 'action': 'resource_counts', 'label': '156982f7-3387-4215-bce7-df63bf8feb85', 'context': [<snowplow_tracker.self_describing_json.SelfDescribingJson object at 0x10b3f8410>]}
[0m14:07:03.992320 [info ] [MainThread]: Found 8 models, 2 snapshots, 1 analysis, 17 data tests, 1 seed, 3 sources, 845 macros
[0m14:07:03.992771 [debug] [MainThread]: Sending event: {'category': 'dbt', 'action': 'runnable_timing', 'label': '156982f7-3387-4215-bce7-df63bf8feb85', 'context': [<snowplow_tracker.self_describing_json.SelfDescribingJson object at 0x10b299a90>]}
[0m14:07:03.993166 [debug] [MainThread]: Acquiring new snowflake connection 'macro_demo_logging'
[0m14:07:03.995805 [info ] [MainThread]: Logging is happening
[0m14:07:04.000254 [debug] [MainThread]: Resource report: {"command_name": "run-operation", "command_success": true, "command_wall_clock_time": 0.47832334, "process_user_time": 0.952107, "process_kernel_time": 0.131393, "process_mem_max_rss": "126533632", "process_in_blocks": "0", "process_out_blocks": "0"}
[0m14:07:04.000637 [debug] [MainThread]: Command `dbt run-operation` succeeded at 14:07:04.000584 after 0.48 seconds
[0m14:07:04.000821 [debug] [MainThread]: Connection 'macro_demo_logging' was properly closed.
[0m14:07:04.000984 [debug] [MainThread]: Sending event: {'category': 'dbt', 'action': 'invocation', 'label': 'end', 'context': [<snowplow_tracker.self_describing_json.SelfDescribingJson object at 0x10a507980>, <snowplow_tracker.self_describing_json.SelfDescribingJson object at 0x10b4dbf80>, <snowplow_tracker.self_describing_json.SelfDescribingJson object at 0x109cb4950>]}
[0m14:07:04.001158 [debug] [MainThread]: Flushing usage events
[0m14:22:57.381183 [debug] [MainThread]: Sending event: {'category': 'dbt', 'action': 'invocation', 'label': 'start', 'context': [<snowplow_tracker.self_describing_json.SelfDescribingJson object at 0x1060233e0>, <snowplow_tracker.self_describing_json.SelfDescribingJson object at 0x110707950>, <snowplow_tracker.self_describing_json.SelfDescribingJson object at 0x1107076b0>]}


============================== 14:22:57.383973 | d574ea04-1992-4f00-a4fc-db0357fe63d3 ==============================
[0m14:22:57.383973 [info ] [MainThread]: Running with dbt=1.8.0
[0m14:22:57.384334 [debug] [MainThread]: running dbt with arguments {'printer_width': '80', 'indirect_selection': 'eager', 'log_cache_events': 'False', 'write_json': 'True', 'partial_parse': 'True', 'cache_selected_only': 'False', 'profiles_dir': '/Users/JELB/.dbt', 'version_check': 'True', 'debug': 'False', 'log_path': '/Users/JELB/Documents/GitHub/Airbnb-DBT/logs', 'fail_fast': 'False', 'warn_error': 'None', 'use_colors': 'True', 'use_experimental_parser': 'False', 'no_print': 'None', 'quiet': 'False', 'log_format': 'default', 'static_parser': 'True', 'introspect': 'True', 'invocation_command': 'dbt run-operation demo_logging', 'target_path': 'None', 'warn_error_options': 'WarnErrorOptions(include=[], exclude=[])', 'send_anonymous_usage_stats': 'True'}
[0m14:22:57.618087 [debug] [MainThread]: Sending event: {'category': 'dbt', 'action': 'project_id', 'label': 'd574ea04-1992-4f00-a4fc-db0357fe63d3', 'context': [<snowplow_tracker.self_describing_json.SelfDescribingJson object at 0x110d2f050>]}
[0m14:22:57.642462 [debug] [MainThread]: Sending event: {'category': 'dbt', 'action': 'adapter_info', 'label': 'd574ea04-1992-4f00-a4fc-db0357fe63d3', 'context': [<snowplow_tracker.self_describing_json.SelfDescribingJson object at 0x11131d670>]}
[0m14:22:57.643100 [info ] [MainThread]: Registered adapter: snowflake=1.8.4
[0m14:22:57.661034 [debug] [MainThread]: checksum: dbb12d416fdb55e3665e4828703bbedf40c5c90ed7ca6ff39bbbfb29b12b0a92, vars: {}, profile: , target: , version: 1.8.0
[0m14:22:57.768516 [debug] [MainThread]: Partial parsing enabled: 0 files deleted, 0 files added, 1 files changed.
[0m14:22:57.768927 [debug] [MainThread]: Partial parsing: updated file: AIRBNB_DBT://macros/logging.sql
[0m14:22:57.825877 [debug] [MainThread]: Sending event: {'category': 'dbt', 'action': 'load_project', 'label': 'd574ea04-1992-4f00-a4fc-db0357fe63d3', 'context': [<snowplow_tracker.self_describing_json.SelfDescribingJson object at 0x11156adb0>]}
[0m14:22:57.901456 [debug] [MainThread]: Sending event: {'category': 'dbt', 'action': 'resource_counts', 'label': 'd574ea04-1992-4f00-a4fc-db0357fe63d3', 'context': [<snowplow_tracker.self_describing_json.SelfDescribingJson object at 0x111b4a480>]}
[0m14:22:57.901773 [info ] [MainThread]: Found 8 models, 2 snapshots, 1 analysis, 17 data tests, 1 seed, 3 sources, 845 macros
[0m14:22:57.901982 [debug] [MainThread]: Sending event: {'category': 'dbt', 'action': 'runnable_timing', 'label': 'd574ea04-1992-4f00-a4fc-db0357fe63d3', 'context': [<snowplow_tracker.self_describing_json.SelfDescribingJson object at 0x111813170>]}
[0m14:22:57.902274 [debug] [MainThread]: Acquiring new snowflake connection 'macro_demo_logging'
[0m14:22:57.904789 [info ] [MainThread]: DemoLogging is happening
[0m14:22:57.908976 [debug] [MainThread]: Resource report: {"command_name": "run-operation", "command_success": true, "command_wall_clock_time": 0.5599652, "process_user_time": 0.969695, "process_kernel_time": 0.150192, "process_mem_max_rss": "127713280", "process_in_blocks": "0", "process_out_blocks": "0"}
[0m14:22:57.909351 [debug] [MainThread]: Command `dbt run-operation` succeeded at 14:22:57.909301 after 0.56 seconds
[0m14:22:57.909530 [debug] [MainThread]: Connection 'macro_demo_logging' was properly closed.
[0m14:22:57.909690 [debug] [MainThread]: Sending event: {'category': 'dbt', 'action': 'invocation', 'label': 'end', 'context': [<snowplow_tracker.self_describing_json.SelfDescribingJson object at 0x110707920>, <snowplow_tracker.self_describing_json.SelfDescribingJson object at 0x111be95e0>, <snowplow_tracker.self_describing_json.SelfDescribingJson object at 0x111b4b290>]}
[0m14:22:57.909855 [debug] [MainThread]: Flushing usage events
[0m14:48:44.616697 [debug] [MainThread]: Sending event: {'category': 'dbt', 'action': 'invocation', 'label': 'start', 'context': [<snowplow_tracker.self_describing_json.SelfDescribingJson object at 0x10351e570>, <snowplow_tracker.self_describing_json.SelfDescribingJson object at 0x103f7fc50>, <snowplow_tracker.self_describing_json.SelfDescribingJson object at 0x103f7f980>]}


============================== 14:48:44.619458 | 565a5efa-a0bc-43ea-b4e0-308463667749 ==============================
[0m14:48:44.619458 [info ] [MainThread]: Running with dbt=1.8.0
[0m14:48:44.619788 [debug] [MainThread]: running dbt with arguments {'printer_width': '80', 'indirect_selection': 'eager', 'write_json': 'True', 'log_cache_events': 'False', 'partial_parse': 'True', 'cache_selected_only': 'False', 'warn_error': 'None', 'debug': 'False', 'fail_fast': 'False', 'log_path': '/Users/JELB/Documents/GitHub/Airbnb-DBT/logs', 'version_check': 'True', 'profiles_dir': '/Users/JELB/.dbt', 'use_colors': 'True', 'use_experimental_parser': 'False', 'no_print': 'None', 'quiet': 'False', 'log_format': 'default', 'static_parser': 'True', 'introspect': 'True', 'warn_error_options': 'WarnErrorOptions(include=[], exclude=[])', 'target_path': 'None', 'invocation_command': 'dbt run --select fact_reviews --vars {start_date: "2024-02-15 00:00:00", end_date: "2024-02-15 23:59:59"}', 'send_anonymous_usage_stats': 'True'}
[0m14:48:44.851995 [debug] [MainThread]: Sending event: {'category': 'dbt', 'action': 'project_id', 'label': '565a5efa-a0bc-43ea-b4e0-308463667749', 'context': [<snowplow_tracker.self_describing_json.SelfDescribingJson object at 0x1047800b0>]}
[0m14:48:44.875773 [debug] [MainThread]: Sending event: {'category': 'dbt', 'action': 'adapter_info', 'label': '565a5efa-a0bc-43ea-b4e0-308463667749', 'context': [<snowplow_tracker.self_describing_json.SelfDescribingJson object at 0x1049c0a70>]}
[0m14:48:44.876382 [info ] [MainThread]: Registered adapter: snowflake=1.8.4
[0m14:48:44.894687 [debug] [MainThread]: checksum: f310e280741187525429fbe9d03d7e28adb8e60c3434a57d5d6121169e806631, vars: {'end_date': '2024-02-15 23:59:59', 'start_date': '2024-02-15 00:00:00'}, profile: , target: , version: 1.8.0
[0m14:48:44.966290 [info ] [MainThread]: Unable to do partial parsing because config vars, config profile, or config target have changed
[0m14:48:44.966626 [debug] [MainThread]: previous checksum: f310e280741187525429fbe9d03d7e28adb8e60c3434a57d5d6121169e806631, current checksum: dbb12d416fdb55e3665e4828703bbedf40c5c90ed7ca6ff39bbbfb29b12b0a92
[0m14:48:44.966789 [info ] [MainThread]: Unable to do partial parsing because a project config has changed
[0m14:48:44.966983 [debug] [MainThread]: Sending event: {'category': 'dbt', 'action': 'partial_parser', 'label': '565a5efa-a0bc-43ea-b4e0-308463667749', 'context': [<snowplow_tracker.self_describing_json.SelfDescribingJson object at 0x1049929c0>]}
[0m14:48:46.181700 [debug] [MainThread]: Sending event: {'category': 'dbt', 'action': 'load_project', 'label': '565a5efa-a0bc-43ea-b4e0-308463667749', 'context': [<snowplow_tracker.self_describing_json.SelfDescribingJson object at 0x104a24830>]}
[0m14:48:46.259585 [debug] [MainThread]: Sending event: {'category': 'dbt', 'action': 'resource_counts', 'label': '565a5efa-a0bc-43ea-b4e0-308463667749', 'context': [<snowplow_tracker.self_describing_json.SelfDescribingJson object at 0x104d90650>]}
[0m14:48:46.259893 [info ] [MainThread]: Found 8 models, 2 snapshots, 1 analysis, 17 data tests, 1 seed, 3 sources, 845 macros
[0m14:48:46.260078 [debug] [MainThread]: Sending event: {'category': 'dbt', 'action': 'runnable_timing', 'label': '565a5efa-a0bc-43ea-b4e0-308463667749', 'context': [<snowplow_tracker.self_describing_json.SelfDescribingJson object at 0x105161ac0>]}
[0m14:48:46.260452 [warn ] [MainThread]: The selection criterion 'fact_reviews' does not match any enabled nodes
[0m14:48:46.261081 [info ] [MainThread]: 
[0m14:48:46.261245 [warn ] [MainThread]: Nothing to do. Try checking your model configs and model specification args
[0m14:48:46.261476 [debug] [MainThread]: Command end result
[0m14:48:46.284644 [debug] [MainThread]: Resource report: {"command_name": "run", "command_success": true, "command_wall_clock_time": 1.7007916, "process_user_time": 2.103726, "process_kernel_time": 0.152001, "process_mem_max_rss": "136609792", "process_in_blocks": "0", "process_out_blocks": "0"}
[0m14:48:46.285051 [debug] [MainThread]: Command `dbt run` succeeded at 14:48:46.285002 after 1.70 seconds
[0m14:48:46.285294 [debug] [MainThread]: Sending event: {'category': 'dbt', 'action': 'invocation', 'label': 'end', 'context': [<snowplow_tracker.self_describing_json.SelfDescribingJson object at 0x100146c00>, <snowplow_tracker.self_describing_json.SelfDescribingJson object at 0x10351e570>, <snowplow_tracker.self_describing_json.SelfDescribingJson object at 0x104ce5cd0>]}
[0m14:48:46.285535 [debug] [MainThread]: Flushing usage events
[0m14:53:55.162647 [debug] [MainThread]: Sending event: {'category': 'dbt', 'action': 'invocation', 'label': 'start', 'context': [<snowplow_tracker.self_describing_json.SelfDescribingJson object at 0x103064320>, <snowplow_tracker.self_describing_json.SelfDescribingJson object at 0x103aee0c0>, <snowplow_tracker.self_describing_json.SelfDescribingJson object at 0x103aec800>]}


============================== 14:53:55.165458 | e0b753f6-d207-49b5-b512-ce73e5fdba4d ==============================
[0m14:53:55.165458 [info ] [MainThread]: Running with dbt=1.8.0
[0m14:53:55.165812 [debug] [MainThread]: running dbt with arguments {'printer_width': '80', 'indirect_selection': 'eager', 'log_cache_events': 'False', 'write_json': 'True', 'partial_parse': 'True', 'cache_selected_only': 'False', 'warn_error': 'None', 'fail_fast': 'False', 'debug': 'False', 'log_path': '/Users/JELB/Documents/GitHub/Airbnb-DBT/logs', 'profiles_dir': '/Users/JELB/.dbt', 'version_check': 'True', 'use_colors': 'True', 'use_experimental_parser': 'False', 'no_print': 'None', 'quiet': 'False', 'log_format': 'default', 'introspect': 'True', 'static_parser': 'True', 'invocation_command': 'dbt run --select fact_reviews --vars {start_date: "2024-02-15 00:00:00", end_date: "2024-02-15 23:59:59"}', 'target_path': 'None', 'warn_error_options': 'WarnErrorOptions(include=[], exclude=[])', 'send_anonymous_usage_stats': 'True'}
[0m14:53:55.376407 [debug] [MainThread]: Sending event: {'category': 'dbt', 'action': 'project_id', 'label': 'e0b753f6-d207-49b5-b512-ce73e5fdba4d', 'context': [<snowplow_tracker.self_describing_json.SelfDescribingJson object at 0x1055c73e0>]}
[0m14:53:55.400681 [debug] [MainThread]: Sending event: {'category': 'dbt', 'action': 'adapter_info', 'label': 'e0b753f6-d207-49b5-b512-ce73e5fdba4d', 'context': [<snowplow_tracker.self_describing_json.SelfDescribingJson object at 0x1055aafc0>]}
[0m14:53:55.401543 [info ] [MainThread]: Registered adapter: snowflake=1.8.4
[0m14:53:55.421281 [debug] [MainThread]: checksum: f310e280741187525429fbe9d03d7e28adb8e60c3434a57d5d6121169e806631, vars: {'end_date': '2024-02-15 23:59:59', 'start_date': '2024-02-15 00:00:00'}, profile: , target: , version: 1.8.0
[0m14:53:55.524369 [debug] [MainThread]: Partial parsing enabled: 0 files deleted, 0 files added, 1 files changed.
[0m14:53:55.524787 [debug] [MainThread]: Partial parsing: updated file: AIRBNB_DBT://models/fct/fct_reviews.sql
[0m14:53:55.594989 [error] [MainThread]: Encountered an error:
Compilation Error in model fct_reviews (models/fct/fct_reviews.sql)
  expected token ',', got 'incrementally'
    line 21
      {{ log("Loading” ~ this ~ "incrementally (start_date " ~ var("start_date") ~ ", end_date: "~ var("end_date"), info=True) }}
[0m14:53:55.596563 [debug] [MainThread]: Resource report: {"command_name": "run", "command_wall_clock_time": 0.46353272, "process_user_time": 0.902255, "process_kernel_time": 0.138482, "process_mem_max_rss": "125681664", "command_success": false, "process_in_blocks": "0", "process_out_blocks": "0"}
[0m14:53:55.596882 [debug] [MainThread]: Command `dbt run` failed at 14:53:55.596832 after 0.46 seconds
[0m14:53:55.597097 [debug] [MainThread]: Sending event: {'category': 'dbt', 'action': 'invocation', 'label': 'end', 'context': [<snowplow_tracker.self_describing_json.SelfDescribingJson object at 0x10499ad80>, <snowplow_tracker.self_describing_json.SelfDescribingJson object at 0x105d07b30>, <snowplow_tracker.self_describing_json.SelfDescribingJson object at 0x105d51730>]}
[0m14:53:55.597286 [debug] [MainThread]: Flushing usage events
[0m14:54:35.963787 [debug] [MainThread]: Sending event: {'category': 'dbt', 'action': 'invocation', 'label': 'start', 'context': [<snowplow_tracker.self_describing_json.SelfDescribingJson object at 0x106fd5eb0>, <snowplow_tracker.self_describing_json.SelfDescribingJson object at 0x108b4bc20>, <snowplow_tracker.self_describing_json.SelfDescribingJson object at 0x108b4b980>]}


============================== 14:54:35.966183 | 956b965f-0ccf-4cef-8b93-0097e5247eee ==============================
[0m14:54:35.966183 [info ] [MainThread]: Running with dbt=1.8.0
[0m14:54:35.966515 [debug] [MainThread]: running dbt with arguments {'printer_width': '80', 'indirect_selection': 'eager', 'write_json': 'True', 'log_cache_events': 'False', 'partial_parse': 'True', 'cache_selected_only': 'False', 'profiles_dir': '/Users/JELB/.dbt', 'debug': 'False', 'warn_error': 'None', 'log_path': '/Users/JELB/Documents/GitHub/Airbnb-DBT/logs', 'fail_fast': 'False', 'version_check': 'True', 'use_colors': 'True', 'use_experimental_parser': 'False', 'no_print': 'None', 'quiet': 'False', 'log_format': 'default', 'invocation_command': 'dbt run --select fact_reviews --vars {start_date: "2024-02-15 00:00:00", end_date: "2024-02-15 23:59:59"}', 'warn_error_options': 'WarnErrorOptions(include=[], exclude=[])', 'introspect': 'True', 'target_path': 'None', 'static_parser': 'True', 'send_anonymous_usage_stats': 'True'}
[0m14:54:36.147659 [debug] [MainThread]: Sending event: {'category': 'dbt', 'action': 'project_id', 'label': '956b965f-0ccf-4cef-8b93-0097e5247eee', 'context': [<snowplow_tracker.self_describing_json.SelfDescribingJson object at 0x10945b3e0>]}
[0m14:54:36.170985 [debug] [MainThread]: Sending event: {'category': 'dbt', 'action': 'adapter_info', 'label': '956b965f-0ccf-4cef-8b93-0097e5247eee', 'context': [<snowplow_tracker.self_describing_json.SelfDescribingJson object at 0x108b27dd0>]}
[0m14:54:36.171393 [info ] [MainThread]: Registered adapter: snowflake=1.8.4
[0m14:54:36.189420 [debug] [MainThread]: checksum: f310e280741187525429fbe9d03d7e28adb8e60c3434a57d5d6121169e806631, vars: {'end_date': '2024-02-15 23:59:59', 'start_date': '2024-02-15 00:00:00'}, profile: , target: , version: 1.8.0
[0m14:54:36.283599 [debug] [MainThread]: Partial parsing enabled: 0 files deleted, 0 files added, 1 files changed.
[0m14:54:36.284038 [debug] [MainThread]: Partial parsing: updated file: AIRBNB_DBT://models/fct/fct_reviews.sql
[0m14:54:36.418896 [debug] [MainThread]: Sending event: {'category': 'dbt', 'action': 'load_project', 'label': '956b965f-0ccf-4cef-8b93-0097e5247eee', 'context': [<snowplow_tracker.self_describing_json.SelfDescribingJson object at 0x109d17ec0>]}
[0m14:54:36.527828 [debug] [MainThread]: Sending event: {'category': 'dbt', 'action': 'resource_counts', 'label': '956b965f-0ccf-4cef-8b93-0097e5247eee', 'context': [<snowplow_tracker.self_describing_json.SelfDescribingJson object at 0x10743adb0>]}
[0m14:54:36.528172 [info ] [MainThread]: Found 8 models, 2 snapshots, 1 analysis, 17 data tests, 1 seed, 3 sources, 845 macros
[0m14:54:36.528374 [debug] [MainThread]: Sending event: {'category': 'dbt', 'action': 'runnable_timing', 'label': '956b965f-0ccf-4cef-8b93-0097e5247eee', 'context': [<snowplow_tracker.self_describing_json.SelfDescribingJson object at 0x1086eb680>]}
[0m14:54:36.528765 [warn ] [MainThread]: The selection criterion 'fact_reviews' does not match any enabled nodes
[0m14:54:36.529434 [info ] [MainThread]: 
[0m14:54:36.529607 [warn ] [MainThread]: Nothing to do. Try checking your model configs and model specification args
[0m14:54:36.529843 [debug] [MainThread]: Command end result
[0m14:54:36.552488 [debug] [MainThread]: Resource report: {"command_name": "run", "command_success": true, "command_wall_clock_time": 0.6181106, "process_user_time": 1.087175, "process_kernel_time": 0.135552, "process_mem_max_rss": "131678208", "process_in_blocks": "0", "process_out_blocks": "0"}
[0m14:54:36.552852 [debug] [MainThread]: Command `dbt run` succeeded at 14:54:36.552806 after 0.62 seconds
[0m14:54:36.553044 [debug] [MainThread]: Sending event: {'category': 'dbt', 'action': 'invocation', 'label': 'end', 'context': [<snowplow_tracker.self_describing_json.SelfDescribingJson object at 0x109938da0>, <snowplow_tracker.self_describing_json.SelfDescribingJson object at 0x108ebda00>, <snowplow_tracker.self_describing_json.SelfDescribingJson object at 0x109a18050>]}
[0m14:54:36.553214 [debug] [MainThread]: Flushing usage events
[0m14:55:20.621117 [debug] [MainThread]: Sending event: {'category': 'dbt', 'action': 'invocation', 'label': 'start', 'context': [<snowplow_tracker.self_describing_json.SelfDescribingJson object at 0x1054813a0>, <snowplow_tracker.self_describing_json.SelfDescribingJson object at 0x1061bbcb0>, <snowplow_tracker.self_describing_json.SelfDescribingJson object at 0x1061bba10>]}


============================== 14:55:20.623775 | f72e40f7-16bf-4d9b-8f2c-1d62e135b56a ==============================
[0m14:55:20.623775 [info ] [MainThread]: Running with dbt=1.8.0
[0m14:55:20.624097 [debug] [MainThread]: running dbt with arguments {'printer_width': '80', 'indirect_selection': 'eager', 'write_json': 'True', 'log_cache_events': 'False', 'partial_parse': 'True', 'cache_selected_only': 'False', 'profiles_dir': '/Users/JELB/.dbt', 'fail_fast': 'False', 'version_check': 'True', 'log_path': '/Users/JELB/Documents/GitHub/Airbnb-DBT/logs', 'debug': 'False', 'warn_error': 'None', 'use_colors': 'True', 'use_experimental_parser': 'False', 'no_print': 'None', 'quiet': 'False', 'log_format': 'default', 'static_parser': 'True', 'introspect': 'True', 'warn_error_options': 'WarnErrorOptions(include=[], exclude=[])', 'target_path': 'None', 'invocation_command': 'dbt run --select fct_reviews --vars {start_date: "2024-02-15 00:00:00", end_date: "2024-02-15 23:59:59"}', 'send_anonymous_usage_stats': 'True'}
[0m14:55:20.834042 [debug] [MainThread]: Sending event: {'category': 'dbt', 'action': 'project_id', 'label': 'f72e40f7-16bf-4d9b-8f2c-1d62e135b56a', 'context': [<snowplow_tracker.self_describing_json.SelfDescribingJson object at 0x106cecbc0>]}
[0m14:55:20.859298 [debug] [MainThread]: Sending event: {'category': 'dbt', 'action': 'adapter_info', 'label': 'f72e40f7-16bf-4d9b-8f2c-1d62e135b56a', 'context': [<snowplow_tracker.self_describing_json.SelfDescribingJson object at 0x1068848f0>]}
[0m14:55:20.860168 [info ] [MainThread]: Registered adapter: snowflake=1.8.4
[0m14:55:20.880889 [debug] [MainThread]: checksum: f310e280741187525429fbe9d03d7e28adb8e60c3434a57d5d6121169e806631, vars: {'end_date': '2024-02-15 23:59:59', 'start_date': '2024-02-15 00:00:00'}, profile: , target: , version: 1.8.0
[0m14:55:20.988491 [debug] [MainThread]: Partial parsing enabled: 0 files deleted, 0 files added, 0 files changed.
[0m14:55:20.988772 [debug] [MainThread]: Partial parsing enabled, no changes found, skipping parsing
[0m14:55:21.023756 [debug] [MainThread]: Sending event: {'category': 'dbt', 'action': 'load_project', 'label': 'f72e40f7-16bf-4d9b-8f2c-1d62e135b56a', 'context': [<snowplow_tracker.self_describing_json.SelfDescribingJson object at 0x106d03020>]}
[0m14:55:21.099688 [debug] [MainThread]: Sending event: {'category': 'dbt', 'action': 'resource_counts', 'label': 'f72e40f7-16bf-4d9b-8f2c-1d62e135b56a', 'context': [<snowplow_tracker.self_describing_json.SelfDescribingJson object at 0x106fb4e30>]}
[0m14:55:21.099981 [info ] [MainThread]: Found 8 models, 2 snapshots, 1 analysis, 17 data tests, 1 seed, 3 sources, 845 macros
[0m14:55:21.100178 [debug] [MainThread]: Sending event: {'category': 'dbt', 'action': 'runnable_timing', 'label': 'f72e40f7-16bf-4d9b-8f2c-1d62e135b56a', 'context': [<snowplow_tracker.self_describing_json.SelfDescribingJson object at 0x106eb4560>]}
[0m14:55:21.101098 [info ] [MainThread]: 
[0m14:55:21.101394 [debug] [MainThread]: Acquiring new snowflake connection 'master'
[0m14:55:21.101823 [debug] [ThreadPool]: Acquiring new snowflake connection 'list_AIRBNB'
[0m14:55:21.109659 [debug] [ThreadPool]: Using snowflake connection "list_AIRBNB"
[0m14:55:21.109893 [debug] [ThreadPool]: On list_AIRBNB: /* {"app": "dbt", "dbt_version": "1.8.0", "profile_name": "AIRBNB_DBT", "target_name": "dev", "connection_name": "list_AIRBNB"} */
show terse schemas in database AIRBNB
    limit 10000
[0m14:55:21.110060 [debug] [ThreadPool]: Opening a new connection, currently in state init
[0m14:55:22.630640 [debug] [ThreadPool]: SQL status: SUCCESS 4 in 1.520 seconds
[0m14:55:22.633660 [debug] [ThreadPool]: On list_AIRBNB: Close
[0m14:55:23.077636 [debug] [ThreadPool]: Re-using an available connection from the pool (formerly list_AIRBNB, now list_AIRBNB_DEV)
[0m14:55:23.087969 [debug] [ThreadPool]: Using snowflake connection "list_AIRBNB_DEV"
[0m14:55:23.088341 [debug] [ThreadPool]: On list_AIRBNB_DEV: /* {"app": "dbt", "dbt_version": "1.8.0", "profile_name": "AIRBNB_DBT", "target_name": "dev", "connection_name": "list_AIRBNB_DEV"} */
show objects in AIRBNB.DEV limit 10000
[0m14:55:23.088603 [debug] [ThreadPool]: Opening a new connection, currently in state closed
[0m14:55:24.342320 [debug] [ThreadPool]: SQL status: SUCCESS 6 in 1.253 seconds
[0m14:55:24.347210 [debug] [ThreadPool]: On list_AIRBNB_DEV: Close
[0m14:55:24.775977 [debug] [MainThread]: Sending event: {'category': 'dbt', 'action': 'runnable_timing', 'label': 'f72e40f7-16bf-4d9b-8f2c-1d62e135b56a', 'context': [<snowplow_tracker.self_describing_json.SelfDescribingJson object at 0x106cede50>]}
[0m14:55:24.777115 [info ] [MainThread]: Concurrency: 1 threads (target='dev')
[0m14:55:24.777570 [info ] [MainThread]: 
[0m14:55:24.782128 [debug] [Thread-1 (]: Began running node model.AIRBNB_DBT.fct_reviews
[0m14:55:24.782825 [info ] [Thread-1 (]: 1 of 1 START sql incremental model DEV.fct_reviews ............................. [RUN]
[0m14:55:24.783544 [debug] [Thread-1 (]: Re-using an available connection from the pool (formerly list_AIRBNB_DEV, now model.AIRBNB_DBT.fct_reviews)
[0m14:55:24.784229 [debug] [Thread-1 (]: Began compiling node model.AIRBNB_DBT.fct_reviews
[0m14:55:24.809421 [info ] [Thread-1 (]: LoadingAIRBNB.DEV.fct_reviewsincrementally (start_date 2024-02-15 00:00:00, end_date: 2024-02-15 23:59:59
[0m14:55:24.812184 [debug] [Thread-1 (]: Writing injected SQL for node "model.AIRBNB_DBT.fct_reviews"
[0m14:55:24.817114 [debug] [Thread-1 (]: Writing injected SQL for node "model.AIRBNB_DBT.fct_reviews"
[0m14:55:24.817726 [debug] [Thread-1 (]: Began executing node model.AIRBNB_DBT.fct_reviews
[0m14:55:24.873717 [debug] [Thread-1 (]: Using snowflake connection "model.AIRBNB_DBT.fct_reviews"
[0m14:55:24.874061 [debug] [Thread-1 (]: On model.AIRBNB_DBT.fct_reviews: /* {"app": "dbt", "dbt_version": "1.8.0", "profile_name": "AIRBNB_DBT", "target_name": "dev", "node_id": "model.AIRBNB_DBT.fct_reviews"} */
create or replace  temporary view AIRBNB.DEV.fct_reviews__dbt_tmp
  
   as (
    

WITH  __dbt__cte__src_reviews as (
WITH raw_reviews AS(
    SELECT * FROM AIRBNB.raw.raw_reviews
)
SELECT
    listing_id,
    date AS review_date,
    reviewer_name,
    comments AS review_text,
    sentiment AS review_sentiment
FROM
    raw_reviews
), src_reviews AS(
    SELECT * FROM __dbt__cte__src_reviews
)

SELECT
 md5(cast(coalesce(cast(listing_id as TEXT), '_dbt_utils_surrogate_key_null_') || '-' || coalesce(cast(review_date as TEXT), '_dbt_utils_surrogate_key_null_') || '-' || coalesce(cast(reviewer_name as TEXT), '_dbt_utils_surrogate_key_null_') || '-' || coalesce(cast(review_text as TEXT), '_dbt_utils_surrogate_key_null_') as TEXT)) AS review_id,
 * 
FROM 
  src_reviews as r
WHERE r.review_text IS NOT NULL

  

    
    AND r.review_date >= 2024-02-15 00:00:00
    AND r.review_date <= 2024-02-15 23:59:59

  

  );
[0m14:55:24.874257 [debug] [Thread-1 (]: Opening a new connection, currently in state closed
[0m14:55:26.096736 [debug] [Thread-1 (]: Snowflake adapter: Snowflake query id: 01ba0003-3201-6668-000b-8d0e0002300e
[0m14:55:26.097570 [debug] [Thread-1 (]: Snowflake adapter: Snowflake error: 001003 (42000): SQL compilation error:
syntax error line 32 at position 36 unexpected '00'.
syntax error line 33 at position 36 unexpected '23'.
[0m14:55:26.098118 [debug] [Thread-1 (]: On model.AIRBNB_DBT.fct_reviews: Close
[0m14:55:26.530915 [debug] [Thread-1 (]: Database Error in model fct_reviews (models/fct/fct_reviews.sql)
  001003 (42000): SQL compilation error:
  syntax error line 32 at position 36 unexpected '00'.
  syntax error line 33 at position 36 unexpected '23'.
[0m14:55:26.533360 [debug] [Thread-1 (]: Sending event: {'category': 'dbt', 'action': 'run_model', 'label': 'f72e40f7-16bf-4d9b-8f2c-1d62e135b56a', 'context': [<snowplow_tracker.self_describing_json.SelfDescribingJson object at 0x105752300>]}
[0m14:55:26.534261 [error] [Thread-1 (]: 1 of 1 ERROR creating sql incremental model DEV.fct_reviews .................... [[31mERROR[0m in 1.75s]
[0m14:55:26.534954 [debug] [Thread-1 (]: Finished running node model.AIRBNB_DBT.fct_reviews
[0m14:55:26.537155 [debug] [MainThread]: Connection 'master' was properly closed.
[0m14:55:26.537564 [debug] [MainThread]: Connection 'model.AIRBNB_DBT.fct_reviews' was properly closed.
[0m14:55:26.537898 [info ] [MainThread]: 
[0m14:55:26.538230 [info ] [MainThread]: Finished running 1 incremental model in 0 hours 0 minutes and 5.44 seconds (5.44s).
[0m14:55:26.538882 [debug] [MainThread]: Command end result
[0m14:55:26.576248 [info ] [MainThread]: 
[0m14:55:26.576574 [info ] [MainThread]: [31mCompleted with 1 error and 0 warnings:[0m
[0m14:55:26.576755 [info ] [MainThread]: 
[0m14:55:26.576978 [error] [MainThread]:   Database Error in model fct_reviews (models/fct/fct_reviews.sql)
  001003 (42000): SQL compilation error:
  syntax error line 32 at position 36 unexpected '00'.
  syntax error line 33 at position 36 unexpected '23'.
[0m14:55:26.577145 [info ] [MainThread]: 
[0m14:55:26.577313 [info ] [MainThread]: Done. PASS=0 WARN=0 ERROR=1 SKIP=0 TOTAL=1
[0m14:55:26.578798 [debug] [MainThread]: Resource report: {"command_name": "run", "command_wall_clock_time": 5.9878583, "process_user_time": 1.372113, "process_kernel_time": 0.20033, "process_mem_max_rss": "138641408", "command_success": false, "process_in_blocks": "0", "process_out_blocks": "0"}
[0m14:55:26.579112 [debug] [MainThread]: Command `dbt run` failed at 14:55:26.579057 after 5.99 seconds
[0m14:55:26.579547 [debug] [MainThread]: Sending event: {'category': 'dbt', 'action': 'invocation', 'label': 'end', 'context': [<snowplow_tracker.self_describing_json.SelfDescribingJson object at 0x1052f01a0>, <snowplow_tracker.self_describing_json.SelfDescribingJson object at 0x1055fdd00>, <snowplow_tracker.self_describing_json.SelfDescribingJson object at 0x1074f9460>]}
[0m14:55:26.579807 [debug] [MainThread]: Flushing usage events
[0m14:56:14.691819 [debug] [MainThread]: Sending event: {'category': 'dbt', 'action': 'invocation', 'label': 'start', 'context': [<snowplow_tracker.self_describing_json.SelfDescribingJson object at 0x11189b2f0>, <snowplow_tracker.self_describing_json.SelfDescribingJson object at 0x111292000>, <snowplow_tracker.self_describing_json.SelfDescribingJson object at 0x107d0bd70>]}


============================== 14:56:14.694165 | 89cf812e-134f-4efa-a786-b341e5480c51 ==============================
[0m14:56:14.694165 [info ] [MainThread]: Running with dbt=1.8.0
[0m14:56:14.694493 [debug] [MainThread]: running dbt with arguments {'printer_width': '80', 'indirect_selection': 'eager', 'write_json': 'True', 'log_cache_events': 'False', 'partial_parse': 'True', 'cache_selected_only': 'False', 'warn_error': 'None', 'version_check': 'True', 'debug': 'False', 'log_path': '/Users/JELB/Documents/GitHub/Airbnb-DBT/logs', 'fail_fast': 'False', 'profiles_dir': '/Users/JELB/.dbt', 'use_colors': 'True', 'use_experimental_parser': 'False', 'no_print': 'None', 'quiet': 'False', 'warn_error_options': 'WarnErrorOptions(include=[], exclude=[])', 'invocation_command': 'dbt run --select fct_reviews --vars {start_date: "2024-02-15 00:00:00", end_date: "2024-03-15 23:59:59"}', 'introspect': 'True', 'static_parser': 'True', 'target_path': 'None', 'log_format': 'default', 'send_anonymous_usage_stats': 'True'}
[0m14:56:14.873997 [debug] [MainThread]: Sending event: {'category': 'dbt', 'action': 'project_id', 'label': '89cf812e-134f-4efa-a786-b341e5480c51', 'context': [<snowplow_tracker.self_describing_json.SelfDescribingJson object at 0x1112904a0>]}
[0m14:56:14.897164 [debug] [MainThread]: Sending event: {'category': 'dbt', 'action': 'adapter_info', 'label': '89cf812e-134f-4efa-a786-b341e5480c51', 'context': [<snowplow_tracker.self_describing_json.SelfDescribingJson object at 0x1119ff530>]}
[0m14:56:14.897583 [info ] [MainThread]: Registered adapter: snowflake=1.8.4
[0m14:56:14.914583 [debug] [MainThread]: checksum: 86f50e71bbd590199f92229913f388016cc6c820e0b6c679b18de2c8d2974095, vars: {'end_date': '2024-03-15 23:59:59', 'start_date': '2024-02-15 00:00:00'}, profile: , target: , version: 1.8.0
[0m14:56:14.986222 [info ] [MainThread]: Unable to do partial parsing because config vars, config profile, or config target have changed
[0m14:56:14.986587 [debug] [MainThread]: previous checksum: 86f50e71bbd590199f92229913f388016cc6c820e0b6c679b18de2c8d2974095, current checksum: f310e280741187525429fbe9d03d7e28adb8e60c3434a57d5d6121169e806631
[0m14:56:14.986822 [debug] [MainThread]: Sending event: {'category': 'dbt', 'action': 'partial_parser', 'label': '89cf812e-134f-4efa-a786-b341e5480c51', 'context': [<snowplow_tracker.self_describing_json.SelfDescribingJson object at 0x1105e10d0>]}
[0m14:56:16.216874 [debug] [MainThread]: Sending event: {'category': 'dbt', 'action': 'load_project', 'label': '89cf812e-134f-4efa-a786-b341e5480c51', 'context': [<snowplow_tracker.self_describing_json.SelfDescribingJson object at 0x112b1e180>]}
[0m14:56:16.287272 [debug] [MainThread]: Sending event: {'category': 'dbt', 'action': 'resource_counts', 'label': '89cf812e-134f-4efa-a786-b341e5480c51', 'context': [<snowplow_tracker.self_describing_json.SelfDescribingJson object at 0x1152caf00>]}
[0m14:56:16.287549 [info ] [MainThread]: Found 8 models, 2 snapshots, 1 analysis, 17 data tests, 1 seed, 3 sources, 845 macros
[0m14:56:16.287733 [debug] [MainThread]: Sending event: {'category': 'dbt', 'action': 'runnable_timing', 'label': '89cf812e-134f-4efa-a786-b341e5480c51', 'context': [<snowplow_tracker.self_describing_json.SelfDescribingJson object at 0x112748530>]}
[0m14:56:16.288557 [info ] [MainThread]: 
[0m14:56:16.288829 [debug] [MainThread]: Acquiring new snowflake connection 'master'
[0m14:56:16.289245 [debug] [ThreadPool]: Acquiring new snowflake connection 'list_AIRBNB'
[0m14:56:16.296355 [debug] [ThreadPool]: Using snowflake connection "list_AIRBNB"
[0m14:56:16.296603 [debug] [ThreadPool]: On list_AIRBNB: /* {"app": "dbt", "dbt_version": "1.8.0", "profile_name": "AIRBNB_DBT", "target_name": "dev", "connection_name": "list_AIRBNB"} */
show terse schemas in database AIRBNB
    limit 10000
[0m14:56:16.296748 [debug] [ThreadPool]: Opening a new connection, currently in state init
[0m14:56:17.685454 [debug] [ThreadPool]: SQL status: SUCCESS 4 in 1.389 seconds
[0m14:56:17.687845 [debug] [ThreadPool]: On list_AIRBNB: Close
[0m14:56:18.110162 [debug] [ThreadPool]: Re-using an available connection from the pool (formerly list_AIRBNB, now list_AIRBNB_DEV)
[0m14:56:18.120155 [debug] [ThreadPool]: Using snowflake connection "list_AIRBNB_DEV"
[0m14:56:18.120537 [debug] [ThreadPool]: On list_AIRBNB_DEV: /* {"app": "dbt", "dbt_version": "1.8.0", "profile_name": "AIRBNB_DBT", "target_name": "dev", "connection_name": "list_AIRBNB_DEV"} */
show objects in AIRBNB.DEV limit 10000
[0m14:56:18.120800 [debug] [ThreadPool]: Opening a new connection, currently in state closed
[0m14:56:19.249460 [debug] [ThreadPool]: SQL status: SUCCESS 6 in 1.128 seconds
[0m14:56:19.255346 [debug] [ThreadPool]: On list_AIRBNB_DEV: Close
[0m14:56:19.685679 [debug] [MainThread]: Sending event: {'category': 'dbt', 'action': 'runnable_timing', 'label': '89cf812e-134f-4efa-a786-b341e5480c51', 'context': [<snowplow_tracker.self_describing_json.SelfDescribingJson object at 0x112b4e120>]}
[0m14:56:19.686574 [info ] [MainThread]: Concurrency: 1 threads (target='dev')
[0m14:56:19.686938 [info ] [MainThread]: 
[0m14:56:19.689584 [debug] [Thread-1 (]: Began running node model.AIRBNB_DBT.fct_reviews
[0m14:56:19.690217 [info ] [Thread-1 (]: 1 of 1 START sql incremental model DEV.fct_reviews ............................. [RUN]
[0m14:56:19.690678 [debug] [Thread-1 (]: Re-using an available connection from the pool (formerly list_AIRBNB_DEV, now model.AIRBNB_DBT.fct_reviews)
[0m14:56:19.691019 [debug] [Thread-1 (]: Began compiling node model.AIRBNB_DBT.fct_reviews
[0m14:56:19.704686 [info ] [Thread-1 (]: LoadingAIRBNB.DEV.fct_reviewsincrementally (start_date 2024-02-15 00:00:00, end_date: 2024-03-15 23:59:59
[0m14:56:19.707214 [debug] [Thread-1 (]: Writing injected SQL for node "model.AIRBNB_DBT.fct_reviews"
[0m14:56:19.712019 [debug] [Thread-1 (]: Writing injected SQL for node "model.AIRBNB_DBT.fct_reviews"
[0m14:56:19.712676 [debug] [Thread-1 (]: Began executing node model.AIRBNB_DBT.fct_reviews
[0m14:56:19.742323 [debug] [Thread-1 (]: Using snowflake connection "model.AIRBNB_DBT.fct_reviews"
[0m14:56:19.742716 [debug] [Thread-1 (]: On model.AIRBNB_DBT.fct_reviews: /* {"app": "dbt", "dbt_version": "1.8.0", "profile_name": "AIRBNB_DBT", "target_name": "dev", "node_id": "model.AIRBNB_DBT.fct_reviews"} */
create or replace  temporary view AIRBNB.DEV.fct_reviews__dbt_tmp
  
   as (
    

WITH  __dbt__cte__src_reviews as (
WITH raw_reviews AS(
    SELECT * FROM AIRBNB.raw.raw_reviews
)
SELECT
    listing_id,
    date AS review_date,
    reviewer_name,
    comments AS review_text,
    sentiment AS review_sentiment
FROM
    raw_reviews
), src_reviews AS(
    SELECT * FROM __dbt__cte__src_reviews
)

SELECT
 md5(cast(coalesce(cast(listing_id as TEXT), '_dbt_utils_surrogate_key_null_') || '-' || coalesce(cast(review_date as TEXT), '_dbt_utils_surrogate_key_null_') || '-' || coalesce(cast(reviewer_name as TEXT), '_dbt_utils_surrogate_key_null_') || '-' || coalesce(cast(review_text as TEXT), '_dbt_utils_surrogate_key_null_') as TEXT)) AS review_id,
 * 
FROM 
  src_reviews as r
WHERE r.review_text IS NOT NULL

  

    
    AND r.review_date >= 2024-02-15 00:00:00
    AND r.review_date <= 2024-03-15 23:59:59

  

  );
[0m14:56:19.742939 [debug] [Thread-1 (]: Opening a new connection, currently in state closed
[0m14:56:20.922495 [debug] [Thread-1 (]: Snowflake adapter: Snowflake query id: 01ba0004-3201-6668-000b-8d0e00023012
[0m14:56:20.923447 [debug] [Thread-1 (]: Snowflake adapter: Snowflake error: 001003 (42000): SQL compilation error:
syntax error line 32 at position 36 unexpected '00'.
syntax error line 33 at position 36 unexpected '23'.
[0m14:56:20.924105 [debug] [Thread-1 (]: On model.AIRBNB_DBT.fct_reviews: Close
[0m14:56:21.372661 [debug] [Thread-1 (]: Database Error in model fct_reviews (models/fct/fct_reviews.sql)
  001003 (42000): SQL compilation error:
  syntax error line 32 at position 36 unexpected '00'.
  syntax error line 33 at position 36 unexpected '23'.
[0m14:56:21.374446 [debug] [Thread-1 (]: Sending event: {'category': 'dbt', 'action': 'run_model', 'label': '89cf812e-134f-4efa-a786-b341e5480c51', 'context': [<snowplow_tracker.self_describing_json.SelfDescribingJson object at 0x1105e2450>]}
[0m14:56:21.375148 [error] [Thread-1 (]: 1 of 1 ERROR creating sql incremental model DEV.fct_reviews .................... [[31mERROR[0m in 1.68s]
[0m14:56:21.375694 [debug] [Thread-1 (]: Finished running node model.AIRBNB_DBT.fct_reviews
[0m14:56:21.377540 [debug] [MainThread]: Connection 'master' was properly closed.
[0m14:56:21.377854 [debug] [MainThread]: Connection 'model.AIRBNB_DBT.fct_reviews' was properly closed.
[0m14:56:21.378123 [info ] [MainThread]: 
[0m14:56:21.378392 [info ] [MainThread]: Finished running 1 incremental model in 0 hours 0 minutes and 5.09 seconds (5.09s).
[0m14:56:21.378914 [debug] [MainThread]: Command end result
[0m14:56:21.412214 [info ] [MainThread]: 
[0m14:56:21.412536 [info ] [MainThread]: [31mCompleted with 1 error and 0 warnings:[0m
[0m14:56:21.412727 [info ] [MainThread]: 
[0m14:56:21.412933 [error] [MainThread]:   Database Error in model fct_reviews (models/fct/fct_reviews.sql)
  001003 (42000): SQL compilation error:
  syntax error line 32 at position 36 unexpected '00'.
  syntax error line 33 at position 36 unexpected '23'.
[0m14:56:21.413094 [info ] [MainThread]: 
[0m14:56:21.413251 [info ] [MainThread]: Done. PASS=0 WARN=0 ERROR=1 SKIP=0 TOTAL=1
[0m14:56:21.414126 [debug] [MainThread]: Resource report: {"command_name": "run", "command_wall_clock_time": 6.751252, "process_user_time": 2.436158, "process_kernel_time": 0.184559, "process_mem_max_rss": "148619264", "command_success": false, "process_in_blocks": "0", "process_out_blocks": "0"}
[0m14:56:21.414402 [debug] [MainThread]: Command `dbt run` failed at 14:56:21.414358 after 6.75 seconds
[0m14:56:21.414605 [debug] [MainThread]: Sending event: {'category': 'dbt', 'action': 'invocation', 'label': 'end', 'context': [<snowplow_tracker.self_describing_json.SelfDescribingJson object at 0x112f5e9c0>, <snowplow_tracker.self_describing_json.SelfDescribingJson object at 0x111293230>, <snowplow_tracker.self_describing_json.SelfDescribingJson object at 0x11606b020>]}
[0m14:56:21.414787 [debug] [MainThread]: Flushing usage events
[0m14:57:44.337148 [debug] [MainThread]: Sending event: {'category': 'dbt', 'action': 'invocation', 'label': 'start', 'context': [<snowplow_tracker.self_describing_json.SelfDescribingJson object at 0x104f01eb0>, <snowplow_tracker.self_describing_json.SelfDescribingJson object at 0x105866a80>, <snowplow_tracker.self_describing_json.SelfDescribingJson object at 0x105866f90>]}


============================== 14:57:44.339477 | f7bcb071-aaab-45ef-ab02-74b480fa14c6 ==============================
[0m14:57:44.339477 [info ] [MainThread]: Running with dbt=1.8.0
[0m14:57:44.339792 [debug] [MainThread]: running dbt with arguments {'printer_width': '80', 'indirect_selection': 'eager', 'write_json': 'True', 'log_cache_events': 'False', 'partial_parse': 'True', 'cache_selected_only': 'False', 'warn_error': 'None', 'fail_fast': 'False', 'profiles_dir': '/Users/JELB/.dbt', 'log_path': '/Users/JELB/Documents/GitHub/Airbnb-DBT/logs', 'debug': 'False', 'version_check': 'True', 'use_colors': 'True', 'use_experimental_parser': 'False', 'no_print': 'None', 'quiet': 'False', 'log_format': 'default', 'invocation_command': 'dbt run --select fct_reviews --vars {start_date: "2024-02-15 00:00:00", end_date: "2024-03-15 23:59:59"}', 'static_parser': 'True', 'warn_error_options': 'WarnErrorOptions(include=[], exclude=[])', 'target_path': 'None', 'introspect': 'True', 'send_anonymous_usage_stats': 'True'}
[0m14:57:44.536413 [debug] [MainThread]: Sending event: {'category': 'dbt', 'action': 'project_id', 'label': 'f7bcb071-aaab-45ef-ab02-74b480fa14c6', 'context': [<snowplow_tracker.self_describing_json.SelfDescribingJson object at 0x106e773e0>]}
[0m14:57:44.562338 [debug] [MainThread]: Sending event: {'category': 'dbt', 'action': 'adapter_info', 'label': 'f7bcb071-aaab-45ef-ab02-74b480fa14c6', 'context': [<snowplow_tracker.self_describing_json.SelfDescribingJson object at 0x105867830>]}
[0m14:57:44.562885 [info ] [MainThread]: Registered adapter: snowflake=1.8.4
[0m14:57:44.581634 [debug] [MainThread]: checksum: 86f50e71bbd590199f92229913f388016cc6c820e0b6c679b18de2c8d2974095, vars: {'end_date': '2024-03-15 23:59:59', 'start_date': '2024-02-15 00:00:00'}, profile: , target: , version: 1.8.0
[0m14:57:44.680685 [debug] [MainThread]: Partial parsing enabled: 0 files deleted, 0 files added, 1 files changed.
[0m14:57:44.681146 [debug] [MainThread]: Partial parsing: updated file: AIRBNB_DBT://models/fct/fct_reviews.sql
[0m14:57:44.825018 [debug] [MainThread]: Sending event: {'category': 'dbt', 'action': 'load_project', 'label': 'f7bcb071-aaab-45ef-ab02-74b480fa14c6', 'context': [<snowplow_tracker.self_describing_json.SelfDescribingJson object at 0x107bdbfb0>]}
[0m14:57:44.929241 [debug] [MainThread]: Sending event: {'category': 'dbt', 'action': 'resource_counts', 'label': 'f7bcb071-aaab-45ef-ab02-74b480fa14c6', 'context': [<snowplow_tracker.self_describing_json.SelfDescribingJson object at 0x107954500>]}
[0m14:57:44.929569 [info ] [MainThread]: Found 8 models, 2 snapshots, 1 analysis, 17 data tests, 1 seed, 3 sources, 845 macros
[0m14:57:44.929768 [debug] [MainThread]: Sending event: {'category': 'dbt', 'action': 'runnable_timing', 'label': 'f7bcb071-aaab-45ef-ab02-74b480fa14c6', 'context': [<snowplow_tracker.self_describing_json.SelfDescribingJson object at 0x1078bb3b0>]}
[0m14:57:44.930708 [info ] [MainThread]: 
[0m14:57:44.931023 [debug] [MainThread]: Acquiring new snowflake connection 'master'
[0m14:57:44.931490 [debug] [ThreadPool]: Acquiring new snowflake connection 'list_AIRBNB'
[0m14:57:44.938582 [debug] [ThreadPool]: Using snowflake connection "list_AIRBNB"
[0m14:57:44.938819 [debug] [ThreadPool]: On list_AIRBNB: /* {"app": "dbt", "dbt_version": "1.8.0", "profile_name": "AIRBNB_DBT", "target_name": "dev", "connection_name": "list_AIRBNB"} */
show terse schemas in database AIRBNB
    limit 10000
[0m14:57:44.938961 [debug] [ThreadPool]: Opening a new connection, currently in state init
[0m14:57:46.351272 [debug] [ThreadPool]: SQL status: SUCCESS 4 in 1.412 seconds
[0m14:57:46.354510 [debug] [ThreadPool]: On list_AIRBNB: Close
[0m14:57:46.796890 [debug] [ThreadPool]: Re-using an available connection from the pool (formerly list_AIRBNB, now list_AIRBNB_DEV)
[0m14:57:46.807224 [debug] [ThreadPool]: Using snowflake connection "list_AIRBNB_DEV"
[0m14:57:46.807610 [debug] [ThreadPool]: On list_AIRBNB_DEV: /* {"app": "dbt", "dbt_version": "1.8.0", "profile_name": "AIRBNB_DBT", "target_name": "dev", "connection_name": "list_AIRBNB_DEV"} */
show objects in AIRBNB.DEV limit 10000
[0m14:57:46.807890 [debug] [ThreadPool]: Opening a new connection, currently in state closed
[0m14:57:48.034582 [debug] [ThreadPool]: SQL status: SUCCESS 6 in 1.226 seconds
[0m14:57:48.038244 [debug] [ThreadPool]: On list_AIRBNB_DEV: Close
[0m14:57:48.470427 [debug] [MainThread]: Sending event: {'category': 'dbt', 'action': 'runnable_timing', 'label': 'f7bcb071-aaab-45ef-ab02-74b480fa14c6', 'context': [<snowplow_tracker.self_describing_json.SelfDescribingJson object at 0x1077f8380>]}
[0m14:57:48.471664 [info ] [MainThread]: Concurrency: 1 threads (target='dev')
[0m14:57:48.472126 [info ] [MainThread]: 
[0m14:57:48.474791 [debug] [Thread-1 (]: Began running node model.AIRBNB_DBT.fct_reviews
[0m14:57:48.475549 [info ] [Thread-1 (]: 1 of 1 START sql incremental model DEV.fct_reviews ............................. [RUN]
[0m14:57:48.476120 [debug] [Thread-1 (]: Re-using an available connection from the pool (formerly list_AIRBNB_DEV, now model.AIRBNB_DBT.fct_reviews)
[0m14:57:48.476490 [debug] [Thread-1 (]: Began compiling node model.AIRBNB_DBT.fct_reviews
[0m14:57:48.490748 [info ] [Thread-1 (]: LoadingAIRBNB.DEV.fct_reviewsincrementally (start_date 2024-02-15 00:00:00, end_date: 2024-03-15 23:59:59
[0m14:57:48.493536 [debug] [Thread-1 (]: Writing injected SQL for node "model.AIRBNB_DBT.fct_reviews"
[0m14:57:48.498067 [debug] [Thread-1 (]: Writing injected SQL for node "model.AIRBNB_DBT.fct_reviews"
[0m14:57:48.498491 [debug] [Thread-1 (]: Began executing node model.AIRBNB_DBT.fct_reviews
[0m14:57:48.527745 [debug] [Thread-1 (]: Using snowflake connection "model.AIRBNB_DBT.fct_reviews"
[0m14:57:48.528180 [debug] [Thread-1 (]: On model.AIRBNB_DBT.fct_reviews: /* {"app": "dbt", "dbt_version": "1.8.0", "profile_name": "AIRBNB_DBT", "target_name": "dev", "node_id": "model.AIRBNB_DBT.fct_reviews"} */
create or replace  temporary view AIRBNB.DEV.fct_reviews__dbt_tmp
  
   as (
    

WITH  __dbt__cte__src_reviews as (
WITH raw_reviews AS(
    SELECT * FROM AIRBNB.raw.raw_reviews
)
SELECT
    listing_id,
    date AS review_date,
    reviewer_name,
    comments AS review_text,
    sentiment AS review_sentiment
FROM
    raw_reviews
), src_reviews AS(
    SELECT * FROM __dbt__cte__src_reviews
)

SELECT
 md5(cast(coalesce(cast(listing_id as TEXT), '_dbt_utils_surrogate_key_null_') || '-' || coalesce(cast(review_date as TEXT), '_dbt_utils_surrogate_key_null_') || '-' || coalesce(cast(reviewer_name as TEXT), '_dbt_utils_surrogate_key_null_') || '-' || coalesce(cast(review_text as TEXT), '_dbt_utils_surrogate_key_null_') as TEXT)) AS review_id,
 * 
FROM 
  src_reviews as r
WHERE r.review_text IS NOT NULL

  

    
    AND r.review_date >= '2024-02-15 00:00:00'
    AND r.review_date <= '2024-03-15 23:59:59'

  

  );
[0m14:57:48.528406 [debug] [Thread-1 (]: Opening a new connection, currently in state closed
[0m14:57:49.907341 [debug] [Thread-1 (]: SQL status: SUCCESS 1 in 1.378 seconds
[0m14:57:49.920852 [debug] [Thread-1 (]: Using snowflake connection "model.AIRBNB_DBT.fct_reviews"
[0m14:57:49.921454 [debug] [Thread-1 (]: On model.AIRBNB_DBT.fct_reviews: /* {"app": "dbt", "dbt_version": "1.8.0", "profile_name": "AIRBNB_DBT", "target_name": "dev", "node_id": "model.AIRBNB_DBT.fct_reviews"} */
describe table AIRBNB.DEV.fct_reviews__dbt_tmp
[0m14:57:50.166169 [debug] [Thread-1 (]: SQL status: SUCCESS 6 in 0.244 seconds
[0m14:57:50.174767 [debug] [Thread-1 (]: Using snowflake connection "model.AIRBNB_DBT.fct_reviews"
[0m14:57:50.175491 [debug] [Thread-1 (]: On model.AIRBNB_DBT.fct_reviews: /* {"app": "dbt", "dbt_version": "1.8.0", "profile_name": "AIRBNB_DBT", "target_name": "dev", "node_id": "model.AIRBNB_DBT.fct_reviews"} */
describe table AIRBNB.DEV.fct_reviews
[0m14:57:50.422152 [debug] [Thread-1 (]: SQL status: SUCCESS 6 in 0.246 seconds
[0m14:57:50.446487 [debug] [Thread-1 (]: Using snowflake connection "model.AIRBNB_DBT.fct_reviews"
[0m14:57:50.447026 [debug] [Thread-1 (]: On model.AIRBNB_DBT.fct_reviews: /* {"app": "dbt", "dbt_version": "1.8.0", "profile_name": "AIRBNB_DBT", "target_name": "dev", "node_id": "model.AIRBNB_DBT.fct_reviews"} */
describe table AIRBNB.DEV.fct_reviews__dbt_tmp
[0m14:57:50.690785 [debug] [Thread-1 (]: SQL status: SUCCESS 6 in 0.243 seconds
[0m14:57:50.697425 [debug] [Thread-1 (]: Using snowflake connection "model.AIRBNB_DBT.fct_reviews"
[0m14:57:50.697995 [debug] [Thread-1 (]: On model.AIRBNB_DBT.fct_reviews: /* {"app": "dbt", "dbt_version": "1.8.0", "profile_name": "AIRBNB_DBT", "target_name": "dev", "node_id": "model.AIRBNB_DBT.fct_reviews"} */
describe table "AIRBNB"."DEV"."FCT_REVIEWS"
[0m14:57:50.930318 [debug] [Thread-1 (]: SQL status: SUCCESS 6 in 0.231 seconds
[0m14:57:50.944186 [debug] [Thread-1 (]: 
    In "AIRBNB"."DEV"."FCT_REVIEWS":
        Schema changed: False
        Source columns not in target: []
        Target columns not in source: []
        New column types: []
  
[0m14:57:50.958010 [debug] [Thread-1 (]: Writing runtime sql for node "model.AIRBNB_DBT.fct_reviews"
[0m14:57:50.959329 [debug] [Thread-1 (]: Using snowflake connection "model.AIRBNB_DBT.fct_reviews"
[0m14:57:50.959661 [debug] [Thread-1 (]: On model.AIRBNB_DBT.fct_reviews: /* {"app": "dbt", "dbt_version": "1.8.0", "profile_name": "AIRBNB_DBT", "target_name": "dev", "node_id": "model.AIRBNB_DBT.fct_reviews"} */
-- back compat for old kwarg name
  
  begin;
[0m14:57:51.197106 [debug] [Thread-1 (]: SQL status: SUCCESS 1 in 0.237 seconds
[0m14:57:51.197456 [debug] [Thread-1 (]: Using snowflake connection "model.AIRBNB_DBT.fct_reviews"
[0m14:57:51.197665 [debug] [Thread-1 (]: On model.AIRBNB_DBT.fct_reviews: /* {"app": "dbt", "dbt_version": "1.8.0", "profile_name": "AIRBNB_DBT", "target_name": "dev", "node_id": "model.AIRBNB_DBT.fct_reviews"} */
insert into AIRBNB.DEV.fct_reviews ("REVIEW_ID", "LISTING_ID", "REVIEW_DATE", "REVIEWER_NAME", "REVIEW_TEXT", "REVIEW_SENTIMENT")
        (
            select "REVIEW_ID", "LISTING_ID", "REVIEW_DATE", "REVIEWER_NAME", "REVIEW_TEXT", "REVIEW_SENTIMENT"
            from AIRBNB.DEV.fct_reviews__dbt_tmp
        );
[0m14:57:51.954534 [debug] [Thread-1 (]: SQL status: SUCCESS 0 in 0.756 seconds
[0m14:57:51.956358 [debug] [Thread-1 (]: Using snowflake connection "model.AIRBNB_DBT.fct_reviews"
[0m14:57:51.956853 [debug] [Thread-1 (]: On model.AIRBNB_DBT.fct_reviews: /* {"app": "dbt", "dbt_version": "1.8.0", "profile_name": "AIRBNB_DBT", "target_name": "dev", "node_id": "model.AIRBNB_DBT.fct_reviews"} */
COMMIT
[0m14:57:52.218042 [debug] [Thread-1 (]: SQL status: SUCCESS 1 in 0.260 seconds
[0m14:57:52.232843 [debug] [Thread-1 (]: Applying DROP to: AIRBNB.DEV.fct_reviews__dbt_tmp
[0m14:57:52.239374 [debug] [Thread-1 (]: Using snowflake connection "model.AIRBNB_DBT.fct_reviews"
[0m14:57:52.239755 [debug] [Thread-1 (]: On model.AIRBNB_DBT.fct_reviews: /* {"app": "dbt", "dbt_version": "1.8.0", "profile_name": "AIRBNB_DBT", "target_name": "dev", "node_id": "model.AIRBNB_DBT.fct_reviews"} */
drop view if exists AIRBNB.DEV.fct_reviews__dbt_tmp cascade
[0m14:57:52.499213 [debug] [Thread-1 (]: SQL status: SUCCESS 1 in 0.258 seconds
[0m14:57:52.503856 [debug] [Thread-1 (]: Using snowflake connection "model.AIRBNB_DBT.fct_reviews"
[0m14:57:52.504704 [debug] [Thread-1 (]: On model.AIRBNB_DBT.fct_reviews: /* {"app": "dbt", "dbt_version": "1.8.0", "profile_name": "AIRBNB_DBT", "target_name": "dev", "node_id": "model.AIRBNB_DBT.fct_reviews"} */
GRANT SELECT ON AIRBNB.DEV.fct_reviews to ROLE REPORTER
[0m14:57:52.779412 [debug] [Thread-1 (]: SQL status: SUCCESS 1 in 0.274 seconds
[0m14:57:52.801728 [debug] [Thread-1 (]: On model.AIRBNB_DBT.fct_reviews: Close
[0m14:57:53.244483 [debug] [Thread-1 (]: Sending event: {'category': 'dbt', 'action': 'run_model', 'label': 'f7bcb071-aaab-45ef-ab02-74b480fa14c6', 'context': [<snowplow_tracker.self_describing_json.SelfDescribingJson object at 0x10744c9e0>]}
[0m14:57:53.245815 [info ] [Thread-1 (]: 1 of 1 OK created sql incremental model DEV.fct_reviews ........................ [[32mSUCCESS 0[0m in 4.77s]
[0m14:57:53.246613 [debug] [Thread-1 (]: Finished running node model.AIRBNB_DBT.fct_reviews
[0m14:57:53.248240 [debug] [MainThread]: Connection 'master' was properly closed.
[0m14:57:53.248629 [debug] [MainThread]: Connection 'model.AIRBNB_DBT.fct_reviews' was properly closed.
[0m14:57:53.248987 [info ] [MainThread]: 
[0m14:57:53.249326 [info ] [MainThread]: Finished running 1 incremental model in 0 hours 0 minutes and 8.32 seconds (8.32s).
[0m14:57:53.250010 [debug] [MainThread]: Command end result
[0m14:57:53.288919 [info ] [MainThread]: 
[0m14:57:53.289269 [info ] [MainThread]: [32mCompleted successfully[0m
[0m14:57:53.289464 [info ] [MainThread]: 
[0m14:57:53.289646 [info ] [MainThread]: Done. PASS=1 WARN=0 ERROR=0 SKIP=0 TOTAL=1
[0m14:57:53.290982 [debug] [MainThread]: Resource report: {"command_name": "run", "command_success": true, "command_wall_clock_time": 8.982317, "process_user_time": 1.625059, "process_kernel_time": 0.197145, "process_mem_max_rss": "143032320", "process_in_blocks": "0", "process_out_blocks": "0"}
[0m14:57:53.291398 [debug] [MainThread]: Command `dbt run` succeeded at 14:57:53.291337 after 8.98 seconds
[0m14:57:53.291636 [debug] [MainThread]: Sending event: {'category': 'dbt', 'action': 'invocation', 'label': 'end', 'context': [<snowplow_tracker.self_describing_json.SelfDescribingJson object at 0x10697bfb0>, <snowplow_tracker.self_describing_json.SelfDescribingJson object at 0x102e3f3b0>, <snowplow_tracker.self_describing_json.SelfDescribingJson object at 0x1077a38c0>]}
[0m14:57:53.291850 [debug] [MainThread]: Flushing usage events
